  Inventory.cpp
Inventory.cpp(198): warning C4244: 'argument': conversion from 'double' to 'float', possible loss of data
  main.cpp
d:\saves\c++\sfml\sfml 1\sfml 1\Network.h(91): warning C4244: 'argument': conversion from 'sf::Int64' to 'float', possible loss of data
d:\saves\c++\sfml\sfml 1\sfml 1\Network.h(112): warning C4244: 'argument': conversion from 'sf::Int64' to 'float', possible loss of data
d:\saves\c++\sfml\sfml 1\sfml 1\Network.h(115): warning C4244: 'argument': conversion from 'sf::Int64' to 'float', possible loss of data
d:\saves\c++\sfml\sfml 1\sfml 1\Network.h(135): warning C4244: 'argument': conversion from 'sf::Int64' to 'float', possible loss of data
d:\saves\c++\sfml\sfml 1\sfml 1\Network.h(146): warning C4244: 'argument': conversion from 'sf::Int64' to 'float', possible loss of data
d:\saves\c++\sfml\sfml 1\sfml 1\Network.h(167): warning C4244: 'argument': conversion from 'sf::Int64' to 'float', possible loss of data
d:\saves\c++\sfml\sfml 1\sfml 1\Network.h(184): warning C4244: 'argument': conversion from 'sf::Int64' to 'float', possible loss of data
d:\saves\c++\sfml\sfml 1\sfml 1\Network.h(210): warning C4244: 'argument': conversion from 'double' to 'const unsigned int', possible loss of data
d:\saves\c++\sfml\sfml 1\sfml 1\Network.h(212): warning C4244: '+=': conversion from 'double' to 'unsigned int', possible loss of data
d:\saves\c++\sfml\sfml 1\sfml 1\Network.h(246): warning C4244: 'initializing': conversion from 'const float' to 'sf::Int64', possible loss of data
d:\saves\c++\sfml\sfml 1\sfml 1\Network.h(247): warning C4244: 'initializing': conversion from 'const float' to 'sf::Int64', possible loss of data
  Generating code
  12 of 1408 functions ( 0.9%) were compiled, the rest were copied from previous compilation.
    1 functions were new in current compilation
    24 functions had inline decision re-evaluated but remain unchanged
  Finished generating code
  sfml 1.vcxproj -> D:\Saves\C++\SFML\sfml 1\Release\sfml 1.exe
