d:\saves\c++\sfml\sfml 1\sfml 1\debug\sfml 1.pch
d:\saves\c++\sfml\sfml 1\sfml 1\debug\vc141.pdb
d:\saves\c++\sfml\sfml 1\sfml 1\debug\vc141.idb
d:\saves\c++\sfml\sfml 1\sfml 1\debug\stdafx.obj
d:\saves\c++\sfml\sfml 1\sfml 1\debug\sfml 1.obj
d:\saves\c++\sfml\sfml 1\sfml 1\debug\main.obj
d:\saves\c++\sfml\sfml 1\sfml 1\debug\animation.obj
d:\saves\c++\sfml\sfml 1\sfml 1\debug\player.obj
d:\saves\c++\sfml\sfml 1\sfml 1\debug\wall.obj
d:\saves\c++\sfml\sfml 1\sfml 1\debug\wallcreator.obj
d:\saves\c++\sfml\sfml 1\sfml 1\debug\menu.obj
d:\saves\c++\sfml\sfml 1\debug\sfml 1.exe
d:\saves\c++\sfml\sfml 1\debug\sfml 1.ilk
d:\saves\c++\sfml\sfml 1\debug\sfml 1.pdb
d:\saves\c++\sfml\sfml 1\sfml 1\debug\sfml 1.tlog\cl.command.1.tlog
d:\saves\c++\sfml\sfml 1\sfml 1\debug\sfml 1.tlog\cl.read.1.tlog
d:\saves\c++\sfml\sfml 1\sfml 1\debug\sfml 1.tlog\cl.write.1.tlog
d:\saves\c++\sfml\sfml 1\sfml 1\debug\sfml 1.tlog\link.command.1.tlog
d:\saves\c++\sfml\sfml 1\sfml 1\debug\sfml 1.tlog\link.read.1.tlog
d:\saves\c++\sfml\sfml 1\sfml 1\debug\sfml 1.tlog\link.write.1.tlog
